<?xml version="1.0" encoding="utf-8"?><testsuites><testsuite name="pytest" errors="0" failures="0" skipped="0" tests="5" time="0.496" timestamp="2024-10-08T23:07:28.665905+05:30" hostname="Admin"><testcase classname="test_sample_one" name="test_sample_one" time="0.002" /><testcase classname="test_sample_one" name="test_sample_two" time="0.001" /><testcase classname="test_sample_one" name="test_sample_three" time="0.001" /><testcase classname="test_sample_two" name="test_sample_file_two" time="0.001" /><testcase classname="test_spt" name="test_spt_one" time="0.001" /></testsuite></testsuites>